98.10.29 12:02 B D:\development\EMAILMAX\INSTALL\INTERNET.EXE --> microobjects.com /ftp/microobjects.com/emailmax INTERNET.EXE
98.11.02 16:56 B D:\development\EMAILMAX\INSTALL\INTERNET.EXE --> microobjects.com /ftp/microobjects.com/emailmax INTERNET.EXE
98.11.09 09:55 B D:\development\EMAILMAX\INSTALL\INTERNET.EXE --> microobjects.com /ftp/microobjects.com/emailmax INTERNET.EXE
98.12.01 20:51 B D:\development\EMAILMAX\INSTALL\INTERNET.EXE --> ftp.microobjects.com /ftp/microobjects.com/emailmax INTERNET.EXE
98.12.09 21:10 B D:\development\EMAILMAX\INSTALL\INTERNET.EXE --> ftp.microobjects.com /ftp/microobjects.com/emailmax INTERNET.EXE
98.12.09 21:18 B D:\development\EMAILMAX\INSTALL\INTERNET.EXE --> ftp.microobjects.com /ftp/microobjects.com/emailmax INTERNET.EXE
99.01.09 15:44 B D:\development\EMAILMAX\INSTALL\setupemailmax010999.exe --> ftp.microobjects.com /ftp/microobjects.com/emailmax setupemailmax010999.exe
99.01.11 20:57 B D:\development\emailmax\install\INTERNET.EXE --> ftp.microobjects.com /ftp/microobjects.com/emailmax INTERNET.EXE
99.02.14 20:48 B D:\development\EMAILMAX\INSTALL\INTERNET.EXE --> ftp.microobjects.com /pub/emailmax INTERNET.EXE
99.05.25 21:03 B D:\development\emailmax\install\internet.exe --> ftp.microobjects.com /pub/emailmax internet.exe
99.05.25 21:16 B D:\development\EMAILMAX\INSTALL\INTERNET.EXE --> ftp.microobjects.com /pub/emailmax INTERNET.EXE
2001.07.24 02:49 B D:\development\EMAILMAX\INSTALL\INTERNET.EXE --> ftp.microobjects.com /web/emailmax INTERNET.EXE
2001.07.24 22:12 B D:\development\EMAILMAX\INSTALL\INTERNET.EXE --> ftp.microobjects.com /web/emailmax INTERNET.EXE
2001.07.29 09:42 B D:\development\EMAILMAX\INSTALL\INTERNET.EXE --> ftp.microobjects.com /web/emailmax INTERNET.EXE
2001.08.06 22:06 B D:\development\EMAILMAX\INSTALL\INTERNET.EXE --> ftp.microobjects.com /web/emailmax INTERNET.EXE
2001.08.07 22:08 B D:\development\EMAILMAX\INSTALL\INTERNET.EXE --> ftp.microobjects.com /web/emailmax INTERNET.EXE
2001.08.07 22:10 B D:\development\EMAILMAX\INSTALL\INTERNET.EXE --> ftp.microobjects.com /web/emailmax INTERNET.EXE
2001.08.09 23:06 B D:\development\EMAILMAX\INSTALL\INTERNET.EXE --> ftp.microobjects.com /web/emailmax INTERNET.EXE
2001.08.18 21:28 B D:\development\EMAILMAX\INSTALL\INTERNET.EXE --> ftp.microobjects.com /web/emailmax INTERNET.EXE
2001.08.21 22:10 B D:\development\EMAILMAX\INSTALL\INTERNET.EXE --> ftp.microobjects.com /web/emailmax INTERNET.EXE
2001.08.23 22:17 B D:\development\EMAILMAX\INSTALL\INTERNET.EXE --> ftp.microobjects.com /web/emailmax INTERNET.EXE
2001.09.04 21:55 B D:\development\EMAILMAX\INSTALL\INTERNET.EXE --> ftp.microobjects.com /web/emailmax INTERNET.EXE
2001.09.05 21:53 B D:\development\EMAILMAX\INSTALL\INTERNET.EXE --> ftp.microobjects.com /web/emailmax INTERNET.EXE
2001.09.05 22:00 B D:\development\EMAILMAX\INSTALL\INTERNET.EXE --> ftp.microobjects.com /web/emailmax INTERNET.EXE
2001.09.18 21:52 B D:\development\EMAILMAX\INSTALL\INTERNET.EXE --> ftp.microobjects.com /web/emailmax INTERNET.EXE
2001.09.19 21:37 B D:\development\EMAILMAX\INSTALL\INTERNET.EXE --> ftp.microobjects.com /web/emailmax INTERNET.EXE
2001.09.24 21:09 B D:\development\EMAILMAX\INSTALL\INTERNET.EXE --> ftp.microobjects.com /web/emailmax INTERNET.EXE
